  blackjack.cpp
  boonsu.cpp
  function.cpp
G:\gamble_puang\gamble_puang\function.cpp(18,19): warning C4838: 'int'에서 'SHORT'(으)로의 변환에는 축소 변환이 필요합니다.
G:\gamble_puang\gamble_puang\function.cpp(18,22): warning C4838: 'int'에서 'SHORT'(으)로의 변환에는 축소 변환이 필요합니다.
  game_state.cpp
  holzzak.cpp
G:\gamble_puang\gamble_puang\holzzak.cpp(460,17): warning C4244: '*=': 'double'에서 'int'(으)로 변환하면서 데이터가 손실될 수 있습니다.
G:\gamble_puang\gamble_puang\holzzak.cpp(500,17): warning C4244: '*=': 'double'에서 'int'(으)로 변환하면서 데이터가 손실될 수 있습니다.
G:\gamble_puang\gamble_puang\holzzak.cpp(540,17): warning C4244: '*=': 'double'에서 'int'(으)로 변환하면서 데이터가 손실될 수 있습니다.
G:\gamble_puang\gamble_puang\holzzak.cpp(616,17): warning C4244: '*=': 'double'에서 'int'(으)로 변환하면서 데이터가 손실될 수 있습니다.
  horse.cpp
  main.cpp
  mart.cpp
G:\gamble_puang\gamble_puang\mart.cpp(210,13): warning C4244: '인수': 'time_t'에서 'unsigned int'(으)로 변환하면서 데이터가 손실될 수 있습니다.
G:\gamble_puang\gamble_puang\mart.cpp(234,12): warning C4244: '인수': 'time_t'에서 'unsigned int'(으)로 변환하면서 데이터가 손실될 수 있습니다.
  poker.cpp
G:\gamble_puang\gamble_puang\poker.cpp(84,12): warning C4244: '인수': 'time_t'에서 'unsigned int'(으)로 변환하면서 데이터가 손실될 수 있습니다.
G:\gamble_puang\gamble_puang\poker.cpp(347,12): warning C4244: '인수': 'time_t'에서 'unsigned int'(으)로 변환하면서 데이터가 손실될 수 있습니다.
  slotmachine.cpp
  코드를 생성하고 있습니다...
  gamble_puang.vcxproj -> G:\gamble_puang\x64\Debug\gamble_puang.exe
